Arguments: 
  /Users/zhyc/.nvm/versions/node/v7.5.0/bin/node /usr/local/Cellar/yarn/1.0.2/libexec/bin/yarn.js add uglifyjs-webpack-plugin --dev

PATH: 
  /usr/local/opt/openssl/bin:/Users/zhyc/.nvm/versions/node/v7.5.0/bin:/usr/local/bin:/usr/bin:/bin:/usr/sbin:/sbin

Yarn version: 
  1.0.2

Node version: 
  7.5.0

Platform: 
  darwin x64

npm manifest: 
  {
    "name": "service",
    "version": "1.0.0",
    "description": "A Vue.js project",
    "author": "zhyc <731692254@qq.com>",
    "private": true,
    "scripts": {
      "dev": "node build/dev-server.js",
      "start": "node build/dev-server.js",
      "build": "node build/build.js"
    },
    "dependencies": {
      "axios": "^0.16.2",
      "babel-polyfill": "^6.23.0",
      "element-theme": "^0.7.2",
      "element-theme-default": "^1.4.4",
      "element-ui": "^1.4.4",
      "jquery": "^3.2.1",
      "js-md5": "^0.4.2",
      "moment": "^2.18.1",
      "store": "^2.0.12",
      "tiny-emitter": "^2.0.1",
      "vue": "^2.3.3",
      "vue-image-crop-upload": "^1.3.14",
      "vue-router": "^2.3.1",
      "vuex": "^2.3.1"
    },
    "devDependencies": {
      "autoprefixer": "^6.7.2",
      "babel-core": "^6.26.0",
      "babel-loader": "^6.4.1",
      "babel-plugin-component": "^0.9.1",
      "babel-plugin-transform-runtime": "^6.22.0",
      "babel-preset-env": "^1.3.2",
      "babel-preset-es2015": "^6.24.1",
      "babel-preset-stage-2": "^6.22.0",
      "babel-register": "^6.22.0",
      "chalk": "^1.1.3",
      "connect-history-api-fallback": "^1.3.0",
      "copy-webpack-plugin": "^4.0.1",
      "css-loader": "^0.28.0",
      "eventsource-polyfill": "^0.9.6",
      "express": "^4.14.1",
      "extract-text-webpack-plugin": "^2.0.0",
      "file-loader": "^0.11.1",
      "friendly-errors-webpack-plugin": "^1.1.3",
      "html-webpack-plugin": "^2.28.0",
      "http-proxy-middleware": "^0.17.3",
      "less": "^2.7.2",
      "less-loader": "^4.0.4",
      "opn": "^4.0.2",
      "optimize-css-assets-webpack-plugin": "^1.3.0",
      "ora": "^1.2.0",
      "rimraf": "^2.6.0",
      "semver": "^5.3.0",
      "shelljs": "^0.7.6",
      "url-loader": "^0.5.8",
      "vue-loader": "^12.1.0",
      "vue-style-loader": "^3.0.1",
      "vue-template-compiler": "^2.3.3",
      "webpack": "^2.6.1",
      "webpack-bundle-analyzer": "^2.2.1",
      "webpack-dev-middleware": "^1.10.0",
      "webpack-hot-middleware": "^2.18.0",
      "webpack-merge": "^4.1.0"
    },
    "engines": {
      "node": ">= 4.0.0",
      "npm": ">= 3.0.0"
    },
    "browserslist": [
      "> 1%",
      "last 2 versions",
      "not ie <= 8"
    ]
  }

yarn manifest: 
  No manifest

Lockfile: 
  No lockfile

Trace: 
  Error: ENOENT: no such file or directory, open '/Users/zhyc/zy/teach-research/node_modules/http-proxy-middleware/node_modules/is-extglob/LICENSE'
